<?xml version="1.0" encoding="UTF-8"?>
<testng-results ignored="0" total="1" passed="1" failed="0" skipped="0">
  <reporter-output>
  </reporter-output>
  <suite started-at="2022-01-21T15:46:23 IST" name="Default suite" finished-at="2022-01-21T15:49:58 IST" duration-ms="215803">
    <groups>
    </groups>
    <test started-at="2022-01-21T15:46:23 IST" name="Default test" finished-at="2022-01-21T15:49:58 IST" duration-ms="215803">
      <class name="jenkins1.test1">
        <test-method signature="chrome()[pri:0, instance:jenkins1.test1@4da4253]" started-at="2022-01-21T15:46:23 IST" name="chrome" finished-at="2022-01-21T15:49:58 IST" duration-ms="215374" status="PASS">
          <reporter-output>
          </reporter-output>
        </test-method> <!-- chrome -->
      </class> <!-- jenkins1.test1 -->
    </test> <!-- Default test -->
  </suite> <!-- Default suite -->
</testng-results>
